<?xml version="1.0" encoding="UTF-8"?>
<!-- Generated by org.testng.reporters.JUnitReportReporter -->
<testsuite skipped="0" hostname="Piyush-PC" name="testscripts.TestClass" tests="8" failures="0" timestamp="07 Mar 2019 16:03:04 GMT" time="266.601" errors="0">
  <testcase name="login" time="13.247" classname="testscripts.TestClass"/>
  <testcase name="ReceiveOrder" time="38.293" classname="testscripts.TestClass"/>
  <testcase name="TestOrder" time="39.794" classname="testscripts.TestClass"/>
  <testcase name="RepairOrder" time="45.184" classname="testscripts.TestClass"/>
  <testcase name="ConsumedPart" time="21.129" classname="testscripts.TestClass"/>
  <testcase name="QCOrder" time="19.398" classname="testscripts.TestClass"/>
  <testcase name="PackOrder" time="27.306" classname="testscripts.TestClass"/>
  <testcase name="ShipOrder" time="62.250" classname="testscripts.TestClass"/>
</testsuite> <!-- testscripts.TestClass -->
