<?xml version="1.0" encoding="UTF-8"?>
<!-- Generated by org.testng.reporters.JUnitReportReporter -->
<testsuite skipped="0" hostname="Piyush-PC" name="testscripts.TestClass" tests="2" failures="0" timestamp="31 Dec 2018 12:04:07 GMT" time="51.020" errors="0">
  <testcase name="login" time="16.553" classname="testscripts.TestClass"/>
  <testcase name="CreateBranch" time="34.467" classname="testscripts.TestClass"/>
</testsuite> <!-- testscripts.TestClass -->
