<?xml version="1.0" encoding="UTF-8"?>
<!-- Generated by org.testng.reporters.JUnitReportReporter -->
<testsuite skipped="0" hostname="Piyush-PC" name="testscripts.TestClass" tests="2" failures="0" timestamp="08 Dec 2018 20:34:51 GMT" time="46.446" errors="0">
  <testcase name="login" time="11.509" classname="testscripts.TestClass"/>
  <testcase name="TestOrder" time="34.937" classname="testscripts.TestClass"/>
</testsuite> <!-- testscripts.TestClass -->
