<?xml version="1.0" encoding="UTF-8"?>
<!-- Generated by org.testng.reporters.JUnitReportReporter -->
<testsuite skipped="0" hostname="Piyush-PC" name="testscripts.TestClass" tests="2" failures="0" timestamp="12 Dec 2018 14:49:28 GMT" time="52.859" errors="0">
  <testcase name="login" time="19.451" classname="testscripts.TestClass"/>
  <testcase name="ComponentPick" time="33.408" classname="testscripts.TestClass"/>
</testsuite> <!-- testscripts.TestClass -->
