<?xml version="1.0" encoding="UTF-8"?>
<!-- Generated by org.testng.reporters.JUnitReportReporter -->
<testsuite skipped="0" hostname="Piyush-PC" name="testscripts.TestClass" tests="8" failures="0" timestamp="06 Dec 2018 16:34:03 GMT" time="62.403" errors="0">
  <testcase name="login" time="27.098" classname="testscripts.TestClass"/>
  <testcase name="CreateOrder" time="0.003" classname="testscripts.TestClass"/>
  <testcase name="ReceiveOrder" time="0.002" classname="testscripts.TestClass"/>
  <testcase name="TestOrder" time="0.004" classname="testscripts.TestClass"/>
  <testcase name="RepairOrder" time="0.008" classname="testscripts.TestClass"/>
  <testcase name="QCOrder" time="0.004" classname="testscripts.TestClass"/>
  <testcase name="PackOrder" time="0.002" classname="testscripts.TestClass"/>
  <testcase name="ShipOrder" time="35.282" classname="testscripts.TestClass"/>
</testsuite> <!-- testscripts.TestClass -->
