<?xml version="1.0" encoding="UTF-8"?>
<!-- Generated by org.testng.reporters.JUnitReportReporter -->
<testsuite skipped="11" hostname="Piyush-PC" name="testscripts.TestClass" tests="13" failures="0" timestamp="13 Dec 2018 14:05:17 GMT" time="64.582" errors="0">
  <testcase name="login" time="30.561" classname="testscripts.TestClass"/>
  <testcase name="PickPart" time="34.021" classname="testscripts.TestClass"/>
  <testcase name="CreatePart" classname="testscripts.TestClass">
    <skipped/>
  </testcase> <!-- CreatePart -->
  <testcase name="PackOrder" classname="testscripts.TestClass">
    <skipped/>
  </testcase> <!-- PackOrder -->
  <testcase name="QCOrder" classname="testscripts.TestClass">
    <skipped/>
  </testcase> <!-- QCOrder -->
  <testcase name="ReceiveOrder" classname="testscripts.TestClass">
    <skipped/>
  </testcase> <!-- ReceiveOrder -->
  <testcase name="TestOrder" classname="testscripts.TestClass">
    <skipped/>
  </testcase> <!-- TestOrder -->
  <testcase name="ShipOrder" classname="testscripts.TestClass">
    <skipped/>
  </testcase> <!-- ShipOrder -->
  <testcase name="CreateOrder" classname="testscripts.TestClass">
    <skipped/>
  </testcase> <!-- CreateOrder -->
  <testcase name="ComponentPutway" classname="testscripts.TestClass">
    <skipped/>
  </testcase> <!-- ComponentPutway -->
  <testcase name="DeliveryPart" classname="testscripts.TestClass">
    <skipped/>
  </testcase> <!-- DeliveryPart -->
  <testcase name="RepairOrder" classname="testscripts.TestClass">
    <skipped/>
  </testcase> <!-- RepairOrder -->
  <testcase name="ComponentPick" classname="testscripts.TestClass">
    <skipped/>
  </testcase> <!-- ComponentPick -->
</testsuite> <!-- testscripts.TestClass -->
