<?xml version="1.0" encoding="UTF-8"?>
<!-- Generated by org.testng.reporters.JUnitReportReporter -->
<testsuite skipped="0" hostname="Piyush-PC" name="testscripts.TestClass" tests="1" failures="0" timestamp="29 Nov 2018 12:16:37 GMT" time="44.157" errors="0">
  <testcase name="test_Sce2" time="44.157" classname="testscripts.TestClass"/>
</testsuite> <!-- testscripts.TestClass -->
