<?xml version="1.0" encoding="UTF-8"?>
<!-- Generated by org.testng.reporters.JUnitReportReporter -->
<testsuite skipped="0" hostname="Piyush-PC" name="testscripts.TestClass" tests="2" failures="0" timestamp="06 Mar 2019 15:57:20 GMT" time="69.197" errors="0">
  <testcase name="login" time="13.352" classname="testscripts.TestClass"/>
  <testcase name="ShipOrder" time="55.845" classname="testscripts.TestClass"/>
</testsuite> <!-- testscripts.TestClass -->
