<?xml version="1.0" encoding="UTF-8"?>
<!-- Generated by org.testng.reporters.JUnitReportReporter -->
<testsuite skipped="0" hostname="Piyush-PC" name="testscripts.TestClass" tests="1" failures="0" timestamp="05 Dec 2018 14:55:37 GMT" time="52.255" errors="0">
  <testcase name="test_Sce2" time="52.255" classname="testscripts.TestClass"/>
</testsuite> <!-- testscripts.TestClass -->
