<?xml version="1.0" encoding="UTF-8"?>
<!-- Generated by org.testng.reporters.JUnitReportReporter -->
<testsuite skipped="2" hostname="Piyush-PC" name="testscripts.TestClass" tests="14" failures="0" timestamp="19 Dec 2018 16:18:44 GMT" time="365.407" errors="0">
  <testcase name="login" time="24.501" classname="testscripts.TestClass"/>
  <testcase name="CreateOrder" time="46.185" classname="testscripts.TestClass"/>
  <testcase name="ReceiveOrder" time="45.550" classname="testscripts.TestClass"/>
  <testcase name="TestOrder" time="42.270" classname="testscripts.TestClass"/>
  <testcase name="RepairOrder" time="32.346" classname="testscripts.TestClass"/>
  <testcase name="ComponentPick" time="26.200" classname="testscripts.TestClass"/>
  <testcase name="PickPart" time="41.974" classname="testscripts.TestClass"/>
  <testcase name="DeliveryPart" time="18.044" classname="testscripts.TestClass"/>
  <testcase name="ConsumedPart" time="20.195" classname="testscripts.TestClass"/>
  <testcase name="QCOrder" time="19.517" classname="testscripts.TestClass"/>
  <testcase name="PackOrder" time="27.333" classname="testscripts.TestClass"/>
  <testcase name="ShipOrder" time="21.292" classname="testscripts.TestClass"/>
  <testcase name="CreatePart" classname="testscripts.TestClass">
    <skipped/>
  </testcase> <!-- CreatePart -->
  <testcase name="ComponentPutway" classname="testscripts.TestClass">
    <skipped/>
  </testcase> <!-- ComponentPutway -->
</testsuite> <!-- testscripts.TestClass -->
