<?xml version="1.0" encoding="UTF-8"?>
<!-- Generated by org.testng.reporters.JUnitReportReporter -->
<testsuite skipped="0" hostname="Piyush-PC" name="testscripts.TestClass" tests="2" failures="0" timestamp="26 Dec 2018 12:18:00 GMT" time="51.317" errors="0">
  <testcase name="login" time="23.328" classname="testscripts.TestClass"/>
  <testcase name="ManageRegion" time="27.989" classname="testscripts.TestClass"/>
</testsuite> <!-- testscripts.TestClass -->
