<?xml version="1.0" encoding="UTF-8"?>
<!-- Generated by org.testng.reporters.JUnitReportReporter -->
<testsuite skipped="0" hostname="Piyush-PC" name="testscripts.TestClass" tests="2" failures="0" timestamp="11 Jan 2019 11:27:40 GMT" time="49.568" errors="0">
  <testcase name="login" time="18.987" classname="testscripts.TestClass"/>
  <testcase name="CreateBin" time="30.581" classname="testscripts.TestClass"/>
</testsuite> <!-- testscripts.TestClass -->
