<?xml version="1.0" encoding="UTF-8"?>
<!-- Generated by org.testng.reporters.JUnitReportReporter -->
<testsuite skipped="0" hostname="Piyush-PC" name="testscripts.TestClass" tests="2" failures="0" timestamp="18 Dec 2018 16:21:09 GMT" time="43.749" errors="0">
  <testcase name="login" time="20.085" classname="testscripts.TestClass"/>
  <testcase name="DueDateCal" time="23.664" classname="testscripts.TestClass"/>
</testsuite> <!-- testscripts.TestClass -->
